<?xml version="1.0" encoding="UTF-8"?>
<robot generated="20140109 12:08:48.662" generator="Robot 2.8.1 (Python 2.7.3 on win32)">
<suite source="C:\Tzt\Robot\ProductCatalogDemo\Template\FacetTemplates.txt" id="s1" name="FacetTemplates">
<test id="s1-t1" name="[TestSetup]">
<kw type="kw" name="resource.Login as">
<doc></doc>
<arguments>
<arg>Dan</arg>
<arg>Dan</arg>
</arguments>
<kw type="kw" name="resource.Open Browser To Login Page">
<doc></doc>
<arguments>
</arguments>
<kw type="kw" name="Selenium2Library.Open Browser">
<doc>Opens a new browser instance to given URL.</doc>
<arguments>
<arg>${LOGIN URL}</arg>
<arg>${BROWSER}</arg>
</arguments>
<msg timestamp="20140109 12:08:48.803" level="INFO">Opening browser 'Chrome' to base url 'http://dtv.plm.com:1234'</msg>
<status status="PASS" endtime="20140109 12:08:51.293" starttime="20140109 12:08:48.803"></status>
</kw>
<kw type="kw" name="Selenium2Library.Maximize Browser Window">
<doc>Maximizes current browser window.</doc>
<arguments>
</arguments>
<status status="PASS" endtime="20140109 12:08:51.516" starttime="20140109 12:08:51.293"></status>
</kw>
<kw type="kw" name="Selenium2Library.Set Selenium Speed">
<doc>Sets the delay in seconds that is waited after each Selenium command.</doc>
<arguments>
<arg>${DELAY}</arg>
</arguments>
<status status="PASS" endtime="20140109 12:08:51.519" starttime="20140109 12:08:51.518"></status>
</kw>
<kw type="kw" name="Selenium2Library.Title Should Be">
<doc>Verifies that current page title equals `title`.</doc>
<arguments>
<arg>${LOGIN_PAGE.TITLE}</arg>
</arguments>
<msg timestamp="20140109 12:08:51.645" level="INFO">Page title is 'Composer'.</msg>
<status status="PASS" endtime="20140109 12:08:51.645" starttime="20140109 12:08:51.519"></status>
</kw>
<status status="PASS" endtime="20140109 12:08:51.646" starttime="20140109 12:08:48.802"></status>
</kw>
<kw type="kw" name="Selenium2Library.Input Text">
<doc>Types the given `text` into text field identified by `locator`.</doc>
<arguments>
<arg>${LOGIN_PAGE.USERNAME_INPUT}</arg>
<arg>${username}</arg>
</arguments>
<msg timestamp="20140109 12:08:51.647" level="INFO">Typing text 'Dan' into text field 'username'</msg>
<status status="PASS" endtime="20140109 12:08:51.936" starttime="20140109 12:08:51.646"></status>
</kw>
<kw type="kw" name="Selenium2Library.Input Text">
<doc>Types the given `text` into text field identified by `locator`.</doc>
<arguments>
<arg>${LOGIN_PAGE.PASSWORD_INPUT}</arg>
<arg>${password}</arg>
</arguments>
<msg timestamp="20140109 12:08:51.937" level="INFO">Typing text 'Dan' into text field 'password'</msg>
<status status="PASS" endtime="20140109 12:08:52.277" starttime="20140109 12:08:51.936"></status>
</kw>
<kw type="kw" name="Selenium2Library.Click Element">
<doc>Click element identified by `locator`.</doc>
<arguments>
<arg>${LOGIN_PAGE.SUBMIT_BUTTON}</arg>
</arguments>
<msg timestamp="20140109 12:08:52.278" level="INFO">Clicking element 'css=input[type='submit']'.</msg>
<status status="PASS" endtime="20140109 12:08:52.488" starttime="20140109 12:08:52.277"></status>
</kw>
<kw type="kw" name="Selenium2Library.Element Should Not Be Visible">
<doc>Verifies that the element identified by `locator` is NOT visible.</doc>
<arguments>
<arg>xpath=//div[@id='login-error']</arg>
</arguments>
<msg timestamp="20140109 12:08:52.490" level="INFO">Verifying element 'xpath=//div[@id='login-error']' is not visible.</msg>
<status status="PASS" endtime="20140109 12:08:52.549" starttime="20140109 12:08:52.489"></status>
</kw>
<kw type="kw" name="Selenium2Library.Wait Until Page Contains Element">
<doc>Waits until element specified with `locator` appears on current page.</doc>
<arguments>
<arg>xpath=//div[@class='avatar']</arg>
</arguments>
<status status="PASS" endtime="20140109 12:08:54.511" starttime="20140109 12:08:52.551"></status>
</kw>
<status status="PASS" endtime="20140109 12:08:54.512" starttime="20140109 12:08:48.801"></status>
</kw>
<doc></doc>
<tags>
</tags>
<status status="PASS" endtime="20140109 12:08:54.512" critical="yes" starttime="20140109 12:08:48.801"></status>
</test>
<test id="s1-t2" name="Create New Facet">
<kw type="kw" name="facettemplate_resource.Open Facets">
<doc></doc>
<arguments>
</arguments>
<kw type="kw" name="resource.Wait For Element and Click">
<doc></doc>
<arguments>
<arg>${LEFTMENU.FACETS}</arg>
</arguments>
<kw type="kw" name="Selenium2Library.Wait Until Page Contains Element">
<doc>Waits until element specified with `locator` appears on current page.</doc>
<arguments>
<arg>${element}</arg>
</arguments>
<status status="PASS" endtime="20140109 12:08:54.553" starttime="20140109 12:08:54.518"></status>
</kw>
<kw type="kw" name="Selenium2Library.Click Element">
<doc>Click element identified by `locator`.</doc>
<arguments>
<arg>${element}</arg>
</arguments>
<msg timestamp="20140109 12:08:54.553" level="INFO">Clicking element 'xpath=//span[contains(text(), 'Facets')]'.</msg>
<kw type="kw" name="Selenium2Library.Capture Page Screenshot">
<doc>Takes a screenshot of the current page and embeds it into the log.</doc>
<arguments>
</arguments>
<msg timestamp="20140109 12:08:55.120" html="yes" level="INFO">&lt;/td&gt;&lt;/tr&gt;&lt;tr&gt;&lt;td colspan="3"&gt;&lt;a href="selenium-screenshot-1.png"&gt;&lt;img src="selenium-screenshot-1.png" width="800px"&gt;&lt;/a&gt;</msg>
<status status="PASS" endtime="20140109 12:08:55.121" starttime="20140109 12:08:54.607"></status>
</kw>
<msg timestamp="20140109 12:08:55.124" level="FAIL">ElementNotVisibleException: Message: u'element not visible\n  (Session info: chrome=31.0.1650.63)\n  (Driver info: chromedriver=2.6.232923,platform=Windows NT 6.1 SP1 x86_64)' </msg>
<status status="FAIL" endtime="20140109 12:08:55.124" starttime="20140109 12:08:54.553"></status>
</kw>
<status status="FAIL" endtime="20140109 12:08:55.124" starttime="20140109 12:08:54.517"></status>
</kw>
<status status="FAIL" endtime="20140109 12:08:55.124" starttime="20140109 12:08:54.515"></status>
</kw>
<doc></doc>
<tags>
</tags>
<status status="FAIL" endtime="20140109 12:08:55.125" critical="yes" starttime="20140109 12:08:54.513">ElementNotVisibleException: Message: u'element not visible\n  (Session info: chrome=31.0.1650.63)\n  (Driver info: chromedriver=2.6.232923,platform=Windows NT 6.1 SP1 x86_64)' </status>
</test>
<test id="s1-t3" name="[Teardown]">
<kw type="kw" name="Selenium2Library.Close Browser">
<doc>Closes the current browser.</doc>
<arguments>
</arguments>
<status status="PASS" endtime="20140109 12:08:56.533" starttime="20140109 12:08:55.128"></status>
</kw>
<doc></doc>
<tags>
</tags>
<status status="PASS" endtime="20140109 12:08:56.534" critical="yes" starttime="20140109 12:08:55.127"></status>
</test>
<doc></doc>
<metadata>
</metadata>
<status status="FAIL" endtime="20140109 12:08:56.536" starttime="20140109 12:08:48.663"></status>
</suite>
<statistics>
<total>
<stat fail="1" pass="2">Critical Tests</stat>
<stat fail="1" pass="2">All Tests</stat>
</total>
<tag>
</tag>
<suite>
<stat fail="1" pass="2" id="s1" name="FacetTemplates">FacetTemplates</stat>
</suite>
</statistics>
<errors>
</errors>
</robot>
